<?xml version="1.0"?>
<!DOCTYPE coverage SYSTEM "http://cobertura.sourceforge.net/xml/coverage-04.dtd">

<coverage line-rate="0.9592760180995475" branch-rate="0.9745762711864406" lines-covered="424" lines-valid="442" branches-covered="115" branches-valid="118" complexity="1.9565217391304348" version="1.9.4.1" timestamp="1302155667306">
	<sources>
		<source>--source</source>
		<source>C:/Code/Projects/java/hamcrest-equivalence-annotations/target/checkout/src/main/java</source>
	</sources>
	<packages>
		<package name="net.chwthewke.hamcrest.annotations" line-rate="1.0" branch-rate="1.0" complexity="0.0">
			<classes>
				<class name="net.chwthewke.hamcrest.annotations.ApproximateEquality" filename="net/chwthewke/hamcrest/annotations/ApproximateEquality.java" line-rate="1.0" branch-rate="1.0" complexity="0.0">
					<methods>
					</methods>
					<lines>
					</lines>
				</class>
				<class name="net.chwthewke.hamcrest.annotations.ByEquivalence" filename="net/chwthewke/hamcrest/annotations/ByEquivalence.java" line-rate="1.0" branch-rate="1.0" complexity="0.0">
					<methods>
					</methods>
					<lines>
					</lines>
				</class>
				<class name="net.chwthewke.hamcrest.annotations.BySpecification" filename="net/chwthewke/hamcrest/annotations/BySpecification.java" line-rate="1.0" branch-rate="1.0" complexity="0.0">
					<methods>
					</methods>
					<lines>
					</lines>
				</class>
				<class name="net.chwthewke.hamcrest.annotations.Equality" filename="net/chwthewke/hamcrest/annotations/Equality.java" line-rate="1.0" branch-rate="1.0" complexity="0.0">
					<methods>
					</methods>
					<lines>
					</lines>
				</class>
				<class name="net.chwthewke.hamcrest.annotations.EquivalenceSpecificationOn" filename="net/chwthewke/hamcrest/annotations/EquivalenceSpecificationOn.java" line-rate="1.0" branch-rate="1.0" complexity="0.0">
					<methods>
					</methods>
					<lines>
					</lines>
				</class>
				<class name="net.chwthewke.hamcrest.annotations.Identity" filename="net/chwthewke/hamcrest/annotations/Identity.java" line-rate="1.0" branch-rate="1.0" complexity="0.0">
					<methods>
					</methods>
					<lines>
					</lines>
				</class>
				<class name="net.chwthewke.hamcrest.annotations.NotPublic" filename="net/chwthewke/hamcrest/annotations/NotPublic.java" line-rate="1.0" branch-rate="1.0" complexity="0.0">
					<methods>
					</methods>
					<lines>
					</lines>
				</class>
				<class name="net.chwthewke.hamcrest.annotations.OnArrayElements" filename="net/chwthewke/hamcrest/annotations/OnArrayElements.java" line-rate="1.0" branch-rate="1.0" complexity="0.0">
					<methods>
					</methods>
					<lines>
					</lines>
				</class>
				<class name="net.chwthewke.hamcrest.annotations.OnIterableElements" filename="net/chwthewke/hamcrest/annotations/OnIterableElements.java" line-rate="1.0" branch-rate="1.0" complexity="0.0">
					<methods>
					</methods>
					<lines>
					</lines>
				</class>
				<class name="net.chwthewke.hamcrest.annotations.Text" filename="net/chwthewke/hamcrest/annotations/Text.java" line-rate="1.0" branch-rate="1.0" complexity="0.0">
					<methods>
					</methods>
					<lines>
					</lines>
				</class>
			</classes>
		</package>
		<package name="net.chwthewke.hamcrest.equivalence" line-rate="0.9655172413793104" branch-rate="0.9583333333333334" complexity="1.3333333333333333">
			<classes>
				<class name="net.chwthewke.hamcrest.equivalence.ApproximateEqualityEquivalence" filename="net/chwthewke/hamcrest/equivalence/ApproximateEqualityEquivalence.java" line-rate="1.0" branch-rate="1.0" complexity="1.0">
					<methods>
						<method name="&lt;clinit&gt;" signature="()V" line-rate="1.0" branch-rate="1.0">
							<lines>
								<line number="40" hits="1" branch="false"/>
							</lines>
						</method>
						<method name="&lt;init&gt;" signature="(D)V" line-rate="1.0" branch-rate="1.0">
							<lines>
								<line number="22" hits="17" branch="false"/>
								<line number="23" hits="17" branch="true" condition-coverage="100 % (2/2)">
									<conditions>
										<condition number="0" type="jump" coverage="100 %"/>
									</conditions>
								</line>
								<line number="24" hits="16" branch="false"/>
								<line number="25" hits="16" branch="false"/>
							</lines>
						</method>
						<method name="equivalentTo" signature="(Ljava/lang/Number;)Lorg/hamcrest/Matcher;" line-rate="1.0" branch-rate="1.0">
							<lines>
								<line number="35" hits="69" branch="false"/>
							</lines>
						</method>
						<method name="equivalentTo" signature="(Ljava/lang/Object;)Lorg/hamcrest/Matcher;" line-rate="1.0" branch-rate="1.0">
							<lines>
								<line number="14" hits="69" branch="false"/>
							</lines>
						</method>
					</methods>
					<lines>
						<line number="14" hits="69" branch="false"/>
						<line number="22" hits="17" branch="false"/>
						<line number="23" hits="17" branch="true" condition-coverage="100 % (2/2)">
							<conditions>
								<condition number="0" type="jump" coverage="100 %"/>
							</conditions>
						</line>
						<line number="24" hits="16" branch="false"/>
						<line number="25" hits="16" branch="false"/>
						<line number="35" hits="69" branch="false"/>
						<line number="40" hits="1" branch="false"/>
					</lines>
				</class>
				<class name="net.chwthewke.hamcrest.equivalence.ApproximateEqualityEquivalence$1" filename="net/chwthewke/hamcrest/equivalence/ApproximateEqualityEquivalence.java" line-rate="1.0" branch-rate="1.0" complexity="1.0">
					<methods>
						<method name="&lt;init&gt;" signature="()V" line-rate="1.0" branch-rate="1.0">
							<lines>
							</lines>
						</method>
						<method name="apply" signature="(Ljava/lang/Number;)Ljava/lang/Double;" line-rate="1.0" branch-rate="1.0">
							<lines>
								<line number="43" hits="99" branch="false"/>
							</lines>
						</method>
						<method name="apply" signature="(Ljava/lang/Object;)Ljava/lang/Object;" line-rate="1.0" branch-rate="1.0">
							<lines>
								<line number="41" hits="100" branch="false"/>
							</lines>
						</method>
					</methods>
					<lines>
						<line number="41" hits="100" branch="false"/>
						<line number="43" hits="99" branch="false"/>
					</lines>
				</class>
				<class name="net.chwthewke.hamcrest.equivalence.ArrayEquivalences" filename="net/chwthewke/hamcrest/equivalence/ArrayEquivalences.java" line-rate="0.8461538461538461" branch-rate="1.0" complexity="1.0">
					<methods>
						<method name="&lt;init&gt;" signature="()V" line-rate="0.0" branch-rate="1.0">
							<lines>
								<line number="221" hits="0" branch="false"/>
								<line number="222" hits="0" branch="false"/>
							</lines>
						</method>
						<method name="arrayEquivalence" signature="(Lnet/chwthewke/hamcrest/equivalence/Equivalence;Z)Lnet/chwthewke/hamcrest/equivalence/Equivalence;" line-rate="1.0" branch-rate="1.0">
							<lines>
								<line number="37" hits="5" branch="false"/>
								<line number="44" hits="5" branch="false"/>
							</lines>
						</method>
						<method name="booleanArrayEquivalence" signature="(Lnet/chwthewke/hamcrest/equivalence/Equivalence;Z)Lnet/chwthewke/hamcrest/equivalence/Equivalence;" line-rate="1.0" branch-rate="1.0">
							<lines>
								<line number="61" hits="1" branch="false"/>
							</lines>
						</method>
						<method name="byteArrayEquivalence" signature="(Lnet/chwthewke/hamcrest/equivalence/Equivalence;Z)Lnet/chwthewke/hamcrest/equivalence/Equivalence;" line-rate="1.0" branch-rate="1.0">
							<lines>
								<line number="82" hits="1" branch="false"/>
							</lines>
						</method>
						<method name="charArrayEquivalence" signature="(Lnet/chwthewke/hamcrest/equivalence/Equivalence;Z)Lnet/chwthewke/hamcrest/equivalence/Equivalence;" line-rate="1.0" branch-rate="1.0">
							<lines>
								<line number="103" hits="1" branch="false"/>
							</lines>
						</method>
						<method name="doubleArrayEquivalence" signature="(Lnet/chwthewke/hamcrest/equivalence/Equivalence;Z)Lnet/chwthewke/hamcrest/equivalence/Equivalence;" line-rate="1.0" branch-rate="1.0">
							<lines>
								<line number="124" hits="2" branch="false"/>
							</lines>
						</method>
						<method name="floatArrayEquivalence" signature="(Lnet/chwthewke/hamcrest/equivalence/Equivalence;Z)Lnet/chwthewke/hamcrest/equivalence/Equivalence;" line-rate="1.0" branch-rate="1.0">
							<lines>
								<line number="145" hits="1" branch="false"/>
							</lines>
						</method>
						<method name="intArrayEquivalence" signature="(Lnet/chwthewke/hamcrest/equivalence/Equivalence;Z)Lnet/chwthewke/hamcrest/equivalence/Equivalence;" line-rate="1.0" branch-rate="1.0">
							<lines>
								<line number="166" hits="1" branch="false"/>
							</lines>
						</method>
						<method name="liftToArray" signature="(Lnet/chwthewke/hamcrest/equivalence/Equivalence;ZLcom/google/common/base/Function;)Lnet/chwthewke/hamcrest/equivalence/Equivalence;" line-rate="1.0" branch-rate="1.0">
							<lines>
								<line number="217" hits="14" branch="false"/>
							</lines>
						</method>
						<method name="longArrayEquivalence" signature="(Lnet/chwthewke/hamcrest/equivalence/Equivalence;Z)Lnet/chwthewke/hamcrest/equivalence/Equivalence;" line-rate="1.0" branch-rate="1.0">
							<lines>
								<line number="187" hits="1" branch="false"/>
							</lines>
						</method>
						<method name="shortArrayEquivalence" signature="(Lnet/chwthewke/hamcrest/equivalence/Equivalence;Z)Lnet/chwthewke/hamcrest/equivalence/Equivalence;" line-rate="1.0" branch-rate="1.0">
							<lines>
								<line number="208" hits="1" branch="false"/>
							</lines>
						</method>
					</methods>
					<lines>
						<line number="37" hits="5" branch="false"/>
						<line number="44" hits="5" branch="false"/>
						<line number="61" hits="1" branch="false"/>
						<line number="82" hits="1" branch="false"/>
						<line number="103" hits="1" branch="false"/>
						<line number="124" hits="2" branch="false"/>
						<line number="145" hits="1" branch="false"/>
						<line number="166" hits="1" branch="false"/>
						<line number="187" hits="1" branch="false"/>
						<line number="208" hits="1" branch="false"/>
						<line number="217" hits="14" branch="false"/>
						<line number="221" hits="0" branch="false"/>
						<line number="222" hits="0" branch="false"/>
					</lines>
				</class>
				<class name="net.chwthewke.hamcrest.equivalence.ArrayEquivalences$1" filename="net/chwthewke/hamcrest/equivalence/ArrayEquivalences.java" line-rate="1.0" branch-rate="1.0" complexity="1.0">
					<methods>
						<method name="&lt;init&gt;" signature="()V" line-rate="1.0" branch-rate="1.0">
							<lines>
							</lines>
						</method>
						<method name="apply" signature="(Ljava/lang/Object;)Ljava/lang/Object;" line-rate="1.0" branch-rate="1.0">
							<lines>
								<line number="38" hits="85" branch="false"/>
							</lines>
						</method>
						<method name="apply" signature="([Ljava/lang/Object;)Ljava/lang/Iterable;" line-rate="1.0" branch-rate="1.0">
							<lines>
								<line number="40" hits="80" branch="false"/>
							</lines>
						</method>
					</methods>
					<lines>
						<line number="38" hits="85" branch="false"/>
						<line number="40" hits="80" branch="false"/>
					</lines>
				</class>
				<class name="net.chwthewke.hamcrest.equivalence.ArrayEquivalences$2" filename="net/chwthewke/hamcrest/equivalence/ArrayEquivalences.java" line-rate="1.0" branch-rate="1.0" complexity="1.0">
					<methods>
						<method name="&lt;init&gt;" signature="()V" line-rate="1.0" branch-rate="1.0">
							<lines>
							</lines>
						</method>
						<method name="apply" signature="(Ljava/lang/Object;)Ljava/lang/Object;" line-rate="1.0" branch-rate="1.0">
							<lines>
								<line number="61" hits="13" branch="false"/>
							</lines>
						</method>
						<method name="apply" signature="([Z)Ljava/lang/Iterable;" line-rate="1.0" branch-rate="1.0">
							<lines>
								<line number="63" hits="12" branch="false"/>
							</lines>
						</method>
					</methods>
					<lines>
						<line number="61" hits="13" branch="false"/>
						<line number="63" hits="12" branch="false"/>
					</lines>
				</class>
				<class name="net.chwthewke.hamcrest.equivalence.ArrayEquivalences$3" filename="net/chwthewke/hamcrest/equivalence/ArrayEquivalences.java" line-rate="1.0" branch-rate="1.0" complexity="1.0">
					<methods>
						<method name="&lt;init&gt;" signature="()V" line-rate="1.0" branch-rate="1.0">
							<lines>
							</lines>
						</method>
						<method name="apply" signature="(Ljava/lang/Object;)Ljava/lang/Object;" line-rate="1.0" branch-rate="1.0">
							<lines>
								<line number="82" hits="9" branch="false"/>
							</lines>
						</method>
						<method name="apply" signature="([B)Ljava/lang/Iterable;" line-rate="1.0" branch-rate="1.0">
							<lines>
								<line number="84" hits="8" branch="false"/>
							</lines>
						</method>
					</methods>
					<lines>
						<line number="82" hits="9" branch="false"/>
						<line number="84" hits="8" branch="false"/>
					</lines>
				</class>
				<class name="net.chwthewke.hamcrest.equivalence.ArrayEquivalences$4" filename="net/chwthewke/hamcrest/equivalence/ArrayEquivalences.java" line-rate="1.0" branch-rate="1.0" complexity="1.0">
					<methods>
						<method name="&lt;init&gt;" signature="()V" line-rate="1.0" branch-rate="1.0">
							<lines>
							</lines>
						</method>
						<method name="apply" signature="(Ljava/lang/Object;)Ljava/lang/Object;" line-rate="1.0" branch-rate="1.0">
							<lines>
								<line number="103" hits="9" branch="false"/>
							</lines>
						</method>
						<method name="apply" signature="([C)Ljava/lang/Iterable;" line-rate="1.0" branch-rate="1.0">
							<lines>
								<line number="105" hits="8" branch="false"/>
							</lines>
						</method>
					</methods>
					<lines>
						<line number="103" hits="9" branch="false"/>
						<line number="105" hits="8" branch="false"/>
					</lines>
				</class>
				<class name="net.chwthewke.hamcrest.equivalence.ArrayEquivalences$5" filename="net/chwthewke/hamcrest/equivalence/ArrayEquivalences.java" line-rate="1.0" branch-rate="1.0" complexity="1.0">
					<methods>
						<method name="&lt;init&gt;" signature="()V" line-rate="1.0" branch-rate="1.0">
							<lines>
							</lines>
						</method>
						<method name="apply" signature="(Ljava/lang/Object;)Ljava/lang/Object;" line-rate="1.0" branch-rate="1.0">
							<lines>
								<line number="124" hits="22" branch="false"/>
							</lines>
						</method>
						<method name="apply" signature="([D)Ljava/lang/Iterable;" line-rate="1.0" branch-rate="1.0">
							<lines>
								<line number="126" hits="20" branch="false"/>
							</lines>
						</method>
					</methods>
					<lines>
						<line number="124" hits="22" branch="false"/>
						<line number="126" hits="20" branch="false"/>
					</lines>
				</class>
				<class name="net.chwthewke.hamcrest.equivalence.ArrayEquivalences$6" filename="net/chwthewke/hamcrest/equivalence/ArrayEquivalences.java" line-rate="1.0" branch-rate="1.0" complexity="1.0">
					<methods>
						<method name="&lt;init&gt;" signature="()V" line-rate="1.0" branch-rate="1.0">
							<lines>
							</lines>
						</method>
						<method name="apply" signature="(Ljava/lang/Object;)Ljava/lang/Object;" line-rate="1.0" branch-rate="1.0">
							<lines>
								<line number="145" hits="15" branch="false"/>
							</lines>
						</method>
						<method name="apply" signature="([F)Ljava/lang/Iterable;" line-rate="1.0" branch-rate="1.0">
							<lines>
								<line number="147" hits="14" branch="false"/>
							</lines>
						</method>
					</methods>
					<lines>
						<line number="145" hits="15" branch="false"/>
						<line number="147" hits="14" branch="false"/>
					</lines>
				</class>
				<class name="net.chwthewke.hamcrest.equivalence.ArrayEquivalences$7" filename="net/chwthewke/hamcrest/equivalence/ArrayEquivalences.java" line-rate="1.0" branch-rate="1.0" complexity="1.0">
					<methods>
						<method name="&lt;init&gt;" signature="()V" line-rate="1.0" branch-rate="1.0">
							<lines>
							</lines>
						</method>
						<method name="apply" signature="(Ljava/lang/Object;)Ljava/lang/Object;" line-rate="1.0" branch-rate="1.0">
							<lines>
								<line number="166" hits="9" branch="false"/>
							</lines>
						</method>
						<method name="apply" signature="([I)Ljava/lang/Iterable;" line-rate="1.0" branch-rate="1.0">
							<lines>
								<line number="168" hits="8" branch="false"/>
							</lines>
						</method>
					</methods>
					<lines>
						<line number="166" hits="9" branch="false"/>
						<line number="168" hits="8" branch="false"/>
					</lines>
				</class>
				<class name="net.chwthewke.hamcrest.equivalence.ArrayEquivalences$8" filename="net/chwthewke/hamcrest/equivalence/ArrayEquivalences.java" line-rate="1.0" branch-rate="1.0" complexity="1.0">
					<methods>
						<method name="&lt;init&gt;" signature="()V" line-rate="1.0" branch-rate="1.0">
							<lines>
							</lines>
						</method>
						<method name="apply" signature="(Ljava/lang/Object;)Ljava/lang/Object;" line-rate="1.0" branch-rate="1.0">
							<lines>
								<line number="187" hits="9" branch="false"/>
							</lines>
						</method>
						<method name="apply" signature="([J)Ljava/lang/Iterable;" line-rate="1.0" branch-rate="1.0">
							<lines>
								<line number="189" hits="8" branch="false"/>
							</lines>
						</method>
					</methods>
					<lines>
						<line number="187" hits="9" branch="false"/>
						<line number="189" hits="8" branch="false"/>
					</lines>
				</class>
				<class name="net.chwthewke.hamcrest.equivalence.ArrayEquivalences$9" filename="net/chwthewke/hamcrest/equivalence/ArrayEquivalences.java" line-rate="1.0" branch-rate="1.0" complexity="1.0">
					<methods>
						<method name="&lt;init&gt;" signature="()V" line-rate="1.0" branch-rate="1.0">
							<lines>
							</lines>
						</method>
						<method name="apply" signature="(Ljava/lang/Object;)Ljava/lang/Object;" line-rate="1.0" branch-rate="1.0">
							<lines>
								<line number="208" hits="9" branch="false"/>
							</lines>
						</method>
						<method name="apply" signature="([S)Ljava/lang/Iterable;" line-rate="1.0" branch-rate="1.0">
							<lines>
								<line number="210" hits="8" branch="false"/>
							</lines>
						</method>
					</methods>
					<lines>
						<line number="208" hits="9" branch="false"/>
						<line number="210" hits="8" branch="false"/>
					</lines>
				</class>
				<class name="net.chwthewke.hamcrest.equivalence.EqualityEquivalence" filename="net/chwthewke/hamcrest/equivalence/EqualityEquivalence.java" line-rate="1.0" branch-rate="1.0" complexity="1.0">
					<methods>
						<method name="&lt;init&gt;" signature="()V" line-rate="1.0" branch-rate="1.0">
							<lines>
								<line number="13" hits="49" branch="false"/>
							</lines>
						</method>
						<method name="equivalentTo" signature="(Ljava/lang/Object;)Lorg/hamcrest/Matcher;" line-rate="1.0" branch-rate="1.0">
							<lines>
								<line number="22" hits="135" branch="false"/>
							</lines>
						</method>
					</methods>
					<lines>
						<line number="13" hits="49" branch="false"/>
						<line number="22" hits="135" branch="false"/>
					</lines>
				</class>
				<class name="net.chwthewke.hamcrest.equivalence.Equivalence" filename="net/chwthewke/hamcrest/equivalence/Equivalence.java" line-rate="1.0" branch-rate="1.0" complexity="1.0">
					<methods>
					</methods>
					<lines>
					</lines>
				</class>
				<class name="net.chwthewke.hamcrest.equivalence.IdentityEquivalence" filename="net/chwthewke/hamcrest/equivalence/IdentityEquivalence.java" line-rate="1.0" branch-rate="1.0" complexity="1.0">
					<methods>
						<method name="&lt;init&gt;" signature="()V" line-rate="1.0" branch-rate="1.0">
							<lines>
								<line number="13" hits="11" branch="false"/>
							</lines>
						</method>
						<method name="equivalentTo" signature="(Ljava/lang/Object;)Lorg/hamcrest/Matcher;" line-rate="1.0" branch-rate="1.0">
							<lines>
								<line number="22" hits="11" branch="false"/>
							</lines>
						</method>
					</methods>
					<lines>
						<line number="13" hits="11" branch="false"/>
						<line number="22" hits="11" branch="false"/>
					</lines>
				</class>
				<class name="net.chwthewke.hamcrest.equivalence.IterableEquivalence" filename="net/chwthewke/hamcrest/equivalence/IterableEquivalence.java" line-rate="1.0" branch-rate="1.0" complexity="1.6666666666666667">
					<methods>
						<method name="&lt;init&gt;" signature="(Lnet/chwthewke/hamcrest/equivalence/Equivalence;Z)V" line-rate="1.0" branch-rate="1.0">
							<lines>
								<line number="56" hits="24" branch="false"/>
								<line number="57" hits="24" branch="false"/>
								<line number="58" hits="24" branch="false"/>
								<line number="59" hits="24" branch="false"/>
							</lines>
						</method>
						<method name="access$000" signature="(Lnet/chwthewke/hamcrest/equivalence/IterableEquivalence;)Lnet/chwthewke/hamcrest/equivalence/Equivalence;" line-rate="1.0" branch-rate="1.0">
							<lines>
								<line number="23" hits="536" branch="false"/>
							</lines>
						</method>
						<method name="equivalentTo" signature="(Ljava/lang/Iterable;)Lorg/hamcrest/Matcher;" line-rate="1.0" branch-rate="1.0">
							<lines>
								<line number="33" hits="95" branch="false"/>
								<line number="40" hits="95" branch="true" condition-coverage="100 % (4/4)">
									<conditions>
										<condition number="0" type="jump" coverage="100 %"/>
										<condition number="1" type="jump" coverage="100 %"/>
									</conditions>
								</line>
							</lines>
						</method>
						<method name="equivalentTo" signature="(Ljava/lang/Object;)Lorg/hamcrest/Matcher;" line-rate="1.0" branch-rate="1.0">
							<lines>
							</lines>
						</method>
					</methods>
					<lines>
						<line number="23" hits="536" branch="false"/>
						<line number="33" hits="95" branch="false"/>
						<line number="40" hits="95" branch="true" condition-coverage="100 % (4/4)">
							<conditions>
								<condition number="0" type="jump" coverage="100 %"/>
								<condition number="1" type="jump" coverage="100 %"/>
							</conditions>
						</line>
						<line number="56" hits="24" branch="false"/>
						<line number="57" hits="24" branch="false"/>
						<line number="58" hits="24" branch="false"/>
						<line number="59" hits="24" branch="false"/>
					</lines>
				</class>
				<class name="net.chwthewke.hamcrest.equivalence.IterableEquivalence$1" filename="net/chwthewke/hamcrest/equivalence/IterableEquivalence.java" line-rate="1.0" branch-rate="1.0" complexity="1.6666666666666667">
					<methods>
						<method name="&lt;init&gt;" signature="(Lnet/chwthewke/hamcrest/equivalence/IterableEquivalence;)V" line-rate="1.0" branch-rate="1.0">
							<lines>
							</lines>
						</method>
						<method name="apply" signature="(Ljava/lang/Object;)Ljava/lang/Object;" line-rate="1.0" branch-rate="1.0">
							<lines>
								<line number="35" hits="536" branch="false"/>
							</lines>
						</method>
						<method name="apply" signature="(Ljava/lang/Object;)Lorg/hamcrest/Matcher;" line-rate="1.0" branch-rate="1.0">
							<lines>
								<line number="37" hits="441" branch="false"/>
							</lines>
						</method>
					</methods>
					<lines>
						<line number="35" hits="536" branch="false"/>
						<line number="37" hits="441" branch="false"/>
					</lines>
				</class>
				<class name="net.chwthewke.hamcrest.equivalence.LiftedEquivalence" filename="net/chwthewke/hamcrest/equivalence/LiftedEquivalence.java" line-rate="1.0" branch-rate="1.0" complexity="1.0">
					<methods>
						<method name="&lt;init&gt;" signature="(Ljava/lang/String;Lnet/chwthewke/hamcrest/equivalence/Equivalence;Lcom/google/common/base/Function;)V" line-rate="1.0" branch-rate="1.0">
							<lines>
								<line number="33" hits="100" branch="false"/>
								<line number="34" hits="100" branch="false"/>
								<line number="35" hits="100" branch="false"/>
								<line number="36" hits="100" branch="false"/>
								<line number="37" hits="100" branch="false"/>
							</lines>
						</method>
						<method name="equivalentTo" signature="(Ljava/lang/Object;)Lorg/hamcrest/Matcher;" line-rate="1.0" branch-rate="1.0">
							<lines>
								<line number="47" hits="204" branch="false"/>
							</lines>
						</method>
					</methods>
					<lines>
						<line number="33" hits="100" branch="false"/>
						<line number="34" hits="100" branch="false"/>
						<line number="35" hits="100" branch="false"/>
						<line number="36" hits="100" branch="false"/>
						<line number="37" hits="100" branch="false"/>
						<line number="47" hits="204" branch="false"/>
					</lines>
				</class>
				<class name="net.chwthewke.hamcrest.equivalence.LiftedMatcher" filename="net/chwthewke/hamcrest/equivalence/LiftedMatcher.java" line-rate="1.0" branch-rate="1.0" complexity="1.75">
					<methods>
						<method name="&lt;init&gt;" signature="(Ljava/lang/String;Lcom/google/common/base/Function;Lorg/hamcrest/Matcher;)V" line-rate="1.0" branch-rate="1.0">
							<lines>
								<line number="13" hits="275" branch="false"/>
								<line number="14" hits="275" branch="false"/>
								<line number="15" hits="275" branch="false"/>
								<line number="16" hits="275" branch="false"/>
								<line number="17" hits="275" branch="false"/>
							</lines>
						</method>
						<method name="describeTo" signature="(Lorg/hamcrest/Description;)V" line-rate="1.0" branch-rate="1.0">
							<lines>
								<line number="20" hits="24" branch="false"/>
								<line number="24" hits="24" branch="false"/>
							</lines>
						</method>
						<method name="ifNamed" signature="(Ljava/lang/String;)Ljava/lang/String;" line-rate="1.0" branch-rate="1.0">
							<lines>
								<line number="41" hits="308" branch="true" condition-coverage="100 % (2/2)">
									<conditions>
										<condition number="0" type="jump" coverage="100 %"/>
									</conditions>
								</line>
							</lines>
						</method>
						<method name="matchesSafely" signature="(Ljava/lang/Object;Lorg/hamcrest/Description;)Z" line-rate="1.0" branch-rate="1.0">
							<lines>
								<line number="28" hits="404" branch="false"/>
								<line number="29" hits="404" branch="true" condition-coverage="100 % (2/2)">
									<conditions>
										<condition number="0" type="jump" coverage="100 %"/>
									</conditions>
								</line>
								<line number="31" hits="284" branch="false"/>
								<line number="34" hits="284" branch="false"/>
								<line number="35" hits="284" branch="false"/>
								<line number="37" hits="120" branch="false"/>
							</lines>
						</method>
					</methods>
					<lines>
						<line number="13" hits="275" branch="false"/>
						<line number="14" hits="275" branch="false"/>
						<line number="15" hits="275" branch="false"/>
						<line number="16" hits="275" branch="false"/>
						<line number="17" hits="275" branch="false"/>
						<line number="20" hits="24" branch="false"/>
						<line number="24" hits="24" branch="false"/>
						<line number="28" hits="404" branch="false"/>
						<line number="29" hits="404" branch="true" condition-coverage="100 % (2/2)">
							<conditions>
								<condition number="0" type="jump" coverage="100 %"/>
							</conditions>
						</line>
						<line number="31" hits="284" branch="false"/>
						<line number="34" hits="284" branch="false"/>
						<line number="35" hits="284" branch="false"/>
						<line number="37" hits="120" branch="false"/>
						<line number="41" hits="308" branch="true" condition-coverage="100 % (2/2)">
							<conditions>
								<condition number="0" type="jump" coverage="100 %"/>
							</conditions>
						</line>
					</lines>
				</class>
				<class name="net.chwthewke.hamcrest.equivalence.TextEquivalence" filename="net/chwthewke/hamcrest/equivalence/TextEquivalence.java" line-rate="0.9" branch-rate="0.9166666666666666" complexity="2.125">
					<methods>
						<method name="&lt;clinit&gt;" signature="()V" line-rate="1.0" branch-rate="1.0">
							<lines>
								<line number="94" hits="1" branch="false"/>
							</lines>
						</method>
						<method name="&lt;init&gt;" signature="()V" line-rate="0.0" branch-rate="1.0">
							<lines>
								<line number="91" hits="0" branch="false"/>
								<line number="92" hits="0" branch="false"/>
							</lines>
						</method>
						<method name="getNamedProjection" signature="(Ljava/util/Set;)Lnet/chwthewke/hamcrest/equivalence/TextEquivalence$NamedProjection;" line-rate="1.0" branch-rate="0.9">
							<lines>
								<line number="56" hits="13" branch="true" condition-coverage="50 % (1/2)">
									<conditions>
										<condition number="0" type="jump" coverage="50 %"/>
									</conditions>
								</line>
								<line number="58" hits="13" branch="true" condition-coverage="100 % (2/2)">
									<conditions>
										<condition number="0" type="jump" coverage="100 %"/>
									</conditions>
								</line>
								<line number="59" hits="4" branch="false"/>
								<line number="66" hits="9" branch="false"/>
								<line number="67" hits="9" branch="false"/>
								<line number="69" hits="9" branch="true" condition-coverage="100 % (4/4)">
									<conditions>
										<condition number="0" type="jump" coverage="100 %"/>
										<condition number="1" type="jump" coverage="100 %"/>
									</conditions>
								</line>
								<line number="70" hits="5" branch="false"/>
								<line number="76" hits="4" branch="true" condition-coverage="100 % (2/2)">
									<conditions>
										<condition number="0" type="jump" coverage="100 %"/>
									</conditions>
								</line>
								<line number="77" hits="2" branch="false"/>
								<line number="83" hits="2" branch="false"/>
							</lines>
						</method>
						<method name="textEquivalenceWith" signature="([Lnet/chwthewke/hamcrest/equivalence/TextEquivalenceOption;)Lnet/chwthewke/hamcrest/equivalence/Equivalence;" line-rate="1.0" branch-rate="1.0">
							<lines>
								<line number="41" hits="42" branch="false"/>
								<line number="42" hits="42" branch="false"/>
								<line number="44" hits="42" branch="false"/>
								<line number="46" hits="42" branch="true" condition-coverage="100 % (2/2)">
									<conditions>
										<condition number="0" type="jump" coverage="100 %"/>
									</conditions>
								</line>
								<line number="47" hits="29" branch="false"/>
								<line number="49" hits="13" branch="false"/>
								<line number="51" hits="13" branch="false"/>
							</lines>
						</method>
					</methods>
					<lines>
						<line number="41" hits="42" branch="false"/>
						<line number="42" hits="42" branch="false"/>
						<line number="44" hits="42" branch="false"/>
						<line number="46" hits="42" branch="true" condition-coverage="100 % (2/2)">
							<conditions>
								<condition number="0" type="jump" coverage="100 %"/>
							</conditions>
						</line>
						<line number="47" hits="29" branch="false"/>
						<line number="49" hits="13" branch="false"/>
						<line number="51" hits="13" branch="false"/>
						<line number="56" hits="13" branch="true" condition-coverage="50 % (1/2)">
							<conditions>
								<condition number="0" type="jump" coverage="50 %"/>
							</conditions>
						</line>
						<line number="58" hits="13" branch="true" condition-coverage="100 % (2/2)">
							<conditions>
								<condition number="0" type="jump" coverage="100 %"/>
							</conditions>
						</line>
						<line number="59" hits="4" branch="false"/>
						<line number="66" hits="9" branch="false"/>
						<line number="67" hits="9" branch="false"/>
						<line number="69" hits="9" branch="true" condition-coverage="100 % (4/4)">
							<conditions>
								<condition number="0" type="jump" coverage="100 %"/>
								<condition number="1" type="jump" coverage="100 %"/>
							</conditions>
						</line>
						<line number="70" hits="5" branch="false"/>
						<line number="76" hits="4" branch="true" condition-coverage="100 % (2/2)">
							<conditions>
								<condition number="0" type="jump" coverage="100 %"/>
							</conditions>
						</line>
						<line number="77" hits="2" branch="false"/>
						<line number="83" hits="2" branch="false"/>
						<line number="91" hits="0" branch="false"/>
						<line number="92" hits="0" branch="false"/>
						<line number="94" hits="1" branch="false"/>
					</lines>
				</class>
				<class name="net.chwthewke.hamcrest.equivalence.TextEquivalence$1" filename="net/chwthewke/hamcrest/equivalence/TextEquivalence.java" line-rate="1.0" branch-rate="1.0" complexity="2.125">
					<methods>
						<method name="&lt;init&gt;" signature="()V" line-rate="1.0" branch-rate="1.0">
							<lines>
							</lines>
						</method>
						<method name="apply" signature="(Ljava/lang/Object;)Ljava/lang/Object;" line-rate="1.0" branch-rate="1.0">
							<lines>
								<line number="60" hits="30" branch="false"/>
							</lines>
						</method>
						<method name="apply" signature="(Ljava/lang/String;)Ljava/lang/String;" line-rate="1.0" branch-rate="1.0">
							<lines>
								<line number="62" hits="26" branch="false"/>
							</lines>
						</method>
					</methods>
					<lines>
						<line number="60" hits="30" branch="false"/>
						<line number="62" hits="26" branch="false"/>
					</lines>
				</class>
				<class name="net.chwthewke.hamcrest.equivalence.TextEquivalence$2" filename="net/chwthewke/hamcrest/equivalence/TextEquivalence.java" line-rate="1.0" branch-rate="1.0" complexity="2.125">
					<methods>
						<method name="&lt;init&gt;" signature="()V" line-rate="1.0" branch-rate="1.0">
							<lines>
							</lines>
						</method>
						<method name="apply" signature="(Ljava/lang/Object;)Ljava/lang/Object;" line-rate="1.0" branch-rate="1.0">
							<lines>
								<line number="70" hits="30" branch="false"/>
							</lines>
						</method>
						<method name="apply" signature="(Ljava/lang/String;)Ljava/lang/String;" line-rate="1.0" branch-rate="1.0">
							<lines>
								<line number="72" hits="25" branch="false"/>
							</lines>
						</method>
					</methods>
					<lines>
						<line number="70" hits="30" branch="false"/>
						<line number="72" hits="25" branch="false"/>
					</lines>
				</class>
				<class name="net.chwthewke.hamcrest.equivalence.TextEquivalence$3" filename="net/chwthewke/hamcrest/equivalence/TextEquivalence.java" line-rate="1.0" branch-rate="1.0" complexity="2.125">
					<methods>
						<method name="&lt;init&gt;" signature="()V" line-rate="1.0" branch-rate="1.0">
							<lines>
							</lines>
						</method>
						<method name="apply" signature="(Ljava/lang/Object;)Ljava/lang/Object;" line-rate="1.0" branch-rate="1.0">
							<lines>
								<line number="77" hits="15" branch="false"/>
							</lines>
						</method>
						<method name="apply" signature="(Ljava/lang/String;)Ljava/lang/String;" line-rate="1.0" branch-rate="1.0">
							<lines>
								<line number="79" hits="13" branch="false"/>
							</lines>
						</method>
					</methods>
					<lines>
						<line number="77" hits="15" branch="false"/>
						<line number="79" hits="13" branch="false"/>
					</lines>
				</class>
				<class name="net.chwthewke.hamcrest.equivalence.TextEquivalence$4" filename="net/chwthewke/hamcrest/equivalence/TextEquivalence.java" line-rate="1.0" branch-rate="1.0" complexity="2.125">
					<methods>
						<method name="&lt;init&gt;" signature="()V" line-rate="1.0" branch-rate="1.0">
							<lines>
							</lines>
						</method>
						<method name="apply" signature="(Ljava/lang/Object;)Ljava/lang/Object;" line-rate="1.0" branch-rate="1.0">
							<lines>
								<line number="83" hits="15" branch="false"/>
							</lines>
						</method>
						<method name="apply" signature="(Ljava/lang/String;)Ljava/lang/String;" line-rate="1.0" branch-rate="1.0">
							<lines>
								<line number="85" hits="13" branch="false"/>
							</lines>
						</method>
					</methods>
					<lines>
						<line number="83" hits="15" branch="false"/>
						<line number="85" hits="13" branch="false"/>
					</lines>
				</class>
				<class name="net.chwthewke.hamcrest.equivalence.TextEquivalence$NamedProjection" filename="net/chwthewke/hamcrest/equivalence/TextEquivalence.java" line-rate="1.0" branch-rate="1.0" complexity="2.125">
					<methods>
						<method name="&lt;init&gt;" signature="(Ljava/lang/String;Lcom/google/common/base/Function;)V" line-rate="1.0" branch-rate="1.0">
							<lines>
								<line number="97" hits="13" branch="false"/>
								<line number="98" hits="13" branch="false"/>
								<line number="99" hits="13" branch="false"/>
								<line number="100" hits="13" branch="false"/>
							</lines>
						</method>
						<method name="&lt;init&gt;" signature="(Ljava/lang/String;Lcom/google/common/base/Function;Lnet/chwthewke/hamcrest/equivalence/TextEquivalence$1;)V" line-rate="1.0" branch-rate="1.0">
							<lines>
								<line number="96" hits="39" branch="false"/>
							</lines>
						</method>
						<method name="access$000" signature="(Lnet/chwthewke/hamcrest/equivalence/TextEquivalence$NamedProjection;)Ljava/lang/String;" line-rate="1.0" branch-rate="1.0">
							<lines>
							</lines>
						</method>
						<method name="access$100" signature="(Lnet/chwthewke/hamcrest/equivalence/TextEquivalence$NamedProjection;)Lcom/google/common/base/Function;" line-rate="1.0" branch-rate="1.0">
							<lines>
							</lines>
						</method>
					</methods>
					<lines>
						<line number="96" hits="39" branch="false"/>
						<line number="97" hits="13" branch="false"/>
						<line number="98" hits="13" branch="false"/>
						<line number="99" hits="13" branch="false"/>
						<line number="100" hits="13" branch="false"/>
					</lines>
				</class>
				<class name="net.chwthewke.hamcrest.equivalence.TextEquivalenceCore" filename="net/chwthewke/hamcrest/equivalence/TextEquivalenceCore.java" line-rate="1.0" branch-rate="1.0" complexity="1.5">
					<methods>
						<method name="&lt;init&gt;" signature="(Ljava/util/Set;)V" line-rate="1.0" branch-rate="1.0">
							<lines>
								<line number="12" hits="42" branch="false"/>
								<line number="13" hits="42" branch="false"/>
								<line number="14" hits="42" branch="false"/>
							</lines>
						</method>
						<method name="equivalentTo" signature="(Ljava/lang/Object;)Lorg/hamcrest/Matcher;" line-rate="1.0" branch-rate="1.0">
							<lines>
								<line number="11" hits="354" branch="false"/>
							</lines>
						</method>
						<method name="equivalentTo" signature="(Ljava/lang/String;)Lorg/hamcrest/Matcher;" line-rate="1.0" branch-rate="1.0">
							<lines>
								<line number="17" hits="354" branch="true" condition-coverage="100 % (2/2)">
									<conditions>
										<condition number="0" type="jump" coverage="100 %"/>
									</conditions>
								</line>
							</lines>
						</method>
					</methods>
					<lines>
						<line number="11" hits="354" branch="false"/>
						<line number="12" hits="42" branch="false"/>
						<line number="13" hits="42" branch="false"/>
						<line number="14" hits="42" branch="false"/>
						<line number="17" hits="354" branch="true" condition-coverage="100 % (2/2)">
							<conditions>
								<condition number="0" type="jump" coverage="100 %"/>
							</conditions>
						</line>
					</lines>
				</class>
				<class name="net.chwthewke.hamcrest.equivalence.TextEquivalenceOption" filename="net/chwthewke/hamcrest/equivalence/TextEquivalenceOption.java" line-rate="1.0" branch-rate="1.0" complexity="0.0">
					<methods>
						<method name="&lt;clinit&gt;" signature="()V" line-rate="1.0" branch-rate="1.0">
							<lines>
								<line number="7" hits="6" branch="false"/>
								<line number="8" hits="1" branch="false"/>
								<line number="9" hits="1" branch="false"/>
								<line number="10" hits="1" branch="false"/>
								<line number="11" hits="1" branch="false"/>
							</lines>
						</method>
						<method name="&lt;init&gt;" signature="(Ljava/lang/String;I)V" line-rate="1.0" branch-rate="1.0">
							<lines>
							</lines>
						</method>
						<method name="valueOf" signature="(Ljava/lang/String;)Lnet/chwthewke/hamcrest/equivalence/TextEquivalenceOption;" line-rate="1.0" branch-rate="1.0">
							<lines>
							</lines>
						</method>
						<method name="values" signature="()[Lnet/chwthewke/hamcrest/equivalence/TextEquivalenceOption;" line-rate="1.0" branch-rate="1.0">
							<lines>
							</lines>
						</method>
					</methods>
					<lines>
						<line number="7" hits="6" branch="false"/>
						<line number="8" hits="1" branch="false"/>
						<line number="9" hits="1" branch="false"/>
						<line number="10" hits="1" branch="false"/>
						<line number="11" hits="1" branch="false"/>
					</lines>
				</class>
			</classes>
		</package>
		<package name="net.chwthewke.hamcrest.matchers" line-rate="0.9570552147239264" branch-rate="0.9787234042553191" complexity="2.2580645161290325">
			<classes>
				<class name="net.chwthewke.hamcrest.matchers.AnnotationReader" filename="net/chwthewke/hamcrest/matchers/AnnotationReader.java" line-rate="1.0" branch-rate="1.0" complexity="1.5">
					<methods>
						<method name="&lt;clinit&gt;" signature="()V" line-rate="1.0" branch-rate="1.0">
							<lines>
								<line number="71" hits="1" branch="false"/>
								<line number="81" hits="1" branch="false"/>
								<line number="86" hits="1" branch="false"/>
							</lines>
						</method>
						<method name="&lt;init&gt;" signature="()V" line-rate="1.0" branch-rate="1.0">
							<lines>
								<line number="25" hits="84" branch="false"/>
							</lines>
						</method>
						<method name="getAnnotationNames" signature="(Ljava/lang/Iterable;)Ljava/lang/Iterable;" line-rate="1.0" branch-rate="1.0">
							<lines>
								<line number="63" hits="2" branch="false"/>
							</lines>
						</method>
						<method name="getOnlyAnnotationAmongTypes" signature="(Ljava/lang/Iterable;Ljava/lang/annotation/Annotation;Ljava/lang/reflect/Method;)Ljava/lang/annotation/Annotation;" line-rate="1.0" branch-rate="1.0">
							<lines>
								<line number="39" hits="165" branch="false"/>
								<line number="46" hits="165" branch="false"/>
								<line number="51" hits="165" branch="false"/>
								<line number="53" hits="2" branch="false"/>
								<line number="55" hits="2" branch="false"/>
							</lines>
						</method>
						<method name="getTypeEquivalenceSpecification" signature="(Ljava/lang/reflect/Method;)Lnet/chwthewke/hamcrest/matchers/TypeEquivalenceSpecification;" line-rate="1.0" branch-rate="1.0">
							<lines>
								<line number="28" hits="83" branch="false"/>
								<line number="29" hits="83" branch="false"/>
								<line number="31" hits="82" branch="false"/>
								<line number="33" hits="81" branch="false"/>
							</lines>
						</method>
					</methods>
					<lines>
						<line number="25" hits="84" branch="false"/>
						<line number="28" hits="83" branch="false"/>
						<line number="29" hits="83" branch="false"/>
						<line number="31" hits="82" branch="false"/>
						<line number="33" hits="81" branch="false"/>
						<line number="39" hits="165" branch="false"/>
						<line number="46" hits="165" branch="false"/>
						<line number="51" hits="165" branch="false"/>
						<line number="53" hits="2" branch="false"/>
						<line number="55" hits="2" branch="false"/>
						<line number="63" hits="2" branch="false"/>
						<line number="71" hits="1" branch="false"/>
						<line number="81" hits="1" branch="false"/>
						<line number="86" hits="1" branch="false"/>
					</lines>
				</class>
				<class name="net.chwthewke.hamcrest.matchers.AnnotationReader$1" filename="net/chwthewke/hamcrest/matchers/AnnotationReader.java" line-rate="1.0" branch-rate="1.0" complexity="1.5">
					<methods>
						<method name="&lt;init&gt;" signature="(Lnet/chwthewke/hamcrest/matchers/AnnotationReader;Ljava/lang/reflect/Method;)V" line-rate="1.0" branch-rate="1.0">
							<lines>
							</lines>
						</method>
						<method name="apply" signature="(Ljava/lang/Class;)Ljava/lang/annotation/Annotation;" line-rate="1.0" branch-rate="1.0">
							<lines>
								<line number="42" hits="670" branch="false"/>
							</lines>
						</method>
						<method name="apply" signature="(Ljava/lang/Object;)Ljava/lang/Object;" line-rate="1.0" branch-rate="1.0">
							<lines>
								<line number="40" hits="835" branch="false"/>
							</lines>
						</method>
					</methods>
					<lines>
						<line number="40" hits="835" branch="false"/>
						<line number="42" hits="670" branch="false"/>
					</lines>
				</class>
				<class name="net.chwthewke.hamcrest.matchers.AnnotationReader$2" filename="net/chwthewke/hamcrest/matchers/AnnotationReader.java" line-rate="1.0" branch-rate="1.0" complexity="1.5">
					<methods>
						<method name="&lt;init&gt;" signature="(Lnet/chwthewke/hamcrest/matchers/AnnotationReader;)V" line-rate="1.0" branch-rate="1.0">
							<lines>
							</lines>
						</method>
						<method name="apply" signature="(Ljava/lang/Object;)Ljava/lang/Object;" line-rate="1.0" branch-rate="1.0">
							<lines>
								<line number="63" hits="6" branch="false"/>
							</lines>
						</method>
						<method name="apply" signature="(Ljava/lang/annotation/Annotation;)Ljava/lang/String;" line-rate="1.0" branch-rate="1.0">
							<lines>
								<line number="65" hits="4" branch="false"/>
							</lines>
						</method>
					</methods>
					<lines>
						<line number="63" hits="6" branch="false"/>
						<line number="65" hits="4" branch="false"/>
					</lines>
				</class>
				<class name="net.chwthewke.hamcrest.matchers.AnnotationReader$3" filename="net/chwthewke/hamcrest/matchers/AnnotationReader.java" line-rate="0.5" branch-rate="1.0" complexity="1.5">
					<methods>
						<method name="&lt;init&gt;" signature="()V" line-rate="1.0" branch-rate="1.0">
							<lines>
								<line number="86" hits="1" branch="false"/>
							</lines>
						</method>
						<method name="annotationType" signature="()Ljava/lang/Class;" line-rate="0.0" branch-rate="1.0">
							<lines>
								<line number="88" hits="0" branch="false"/>
							</lines>
						</method>
					</methods>
					<lines>
						<line number="86" hits="1" branch="false"/>
						<line number="88" hits="0" branch="false"/>
					</lines>
				</class>
				<class name="net.chwthewke.hamcrest.matchers.BasicTypeEquivalenceInterpreter" filename="net/chwthewke/hamcrest/matchers/BasicTypeEquivalenceInterpreter.java" line-rate="1.0" branch-rate="1.0" complexity="4.0">
					<methods>
						<method name="&lt;init&gt;" signature="(Lnet/chwthewke/hamcrest/matchers/EquivalenceFactory;)V" line-rate="1.0" branch-rate="1.0">
							<lines>
								<line number="19" hits="85" branch="false"/>
								<line number="20" hits="85" branch="false"/>
								<line number="21" hits="85" branch="false"/>
							</lines>
						</method>
						<method name="computeApproximateEquality" signature="(Lnet/chwthewke/hamcrest/annotations/ApproximateEquality;Ljava/lang/Class;)Lnet/chwthewke/hamcrest/equivalence/Equivalence;" line-rate="1.0" branch-rate="1.0">
							<lines>
								<line number="40" hits="11" branch="false"/>
								<line number="42" hits="11" branch="false"/>
							</lines>
						</method>
						<method name="computeGenericEquivalence" signature="(Ljava/lang/annotation/Annotation;Ljava/lang/Class;Z)Lnet/chwthewke/hamcrest/equivalence/Equivalence;" line-rate="1.0" branch-rate="1.0">
							<lines>
								<line number="59" hits="56" branch="false"/>
								<line number="61" hits="56" branch="true" condition-coverage="100 % (2/2)">
									<conditions>
										<condition number="0" type="jump" coverage="100 %"/>
									</conditions>
								</line>
								<line number="62" hits="2" branch="false"/>
								<line number="65" hits="54" branch="true" condition-coverage="100 % (2/2)">
									<conditions>
										<condition number="0" type="jump" coverage="100 %"/>
									</conditions>
								</line>
								<line number="67" hits="4" branch="false"/>
								<line number="68" hits="4" branch="false"/>
								<line number="71" hits="50" branch="true" condition-coverage="100 % (4/4)">
									<conditions>
										<condition number="0" type="jump" coverage="100 %"/>
										<condition number="1" type="jump" coverage="100 %"/>
									</conditions>
								</line>
								<line number="72" hits="9" branch="false"/>
								<line number="74" hits="41" branch="true" condition-coverage="100 % (4/4)">
									<conditions>
										<condition number="0" type="jump" coverage="100 %"/>
										<condition number="1" type="jump" coverage="100 %"/>
									</conditions>
								</line>
								<line number="75" hits="40" branch="false"/>
								<line number="77" hits="1" branch="false"/>
							</lines>
						</method>
						<method name="computeTextEquivalence" signature="(Lnet/chwthewke/hamcrest/annotations/Text;Ljava/lang/Class;)Lnet/chwthewke/hamcrest/equivalence/Equivalence;" line-rate="1.0" branch-rate="1.0">
							<lines>
								<line number="49" hits="17" branch="false"/>
								<line number="51" hits="17" branch="false"/>
							</lines>
						</method>
						<method name="getEquivalenceFor" signature="(Ljava/lang/annotation/Annotation;Ljava/lang/Class;)Lnet/chwthewke/hamcrest/equivalence/Equivalence;" line-rate="1.0" branch-rate="1.0">
							<lines>
								<line number="26" hits="85" branch="false"/>
								<line number="28" hits="84" branch="true" condition-coverage="100 % (2/2)">
									<conditions>
										<condition number="0" type="jump" coverage="100 %"/>
									</conditions>
								</line>
								<line number="29" hits="11" branch="false"/>
								<line number="31" hits="73" branch="true" condition-coverage="100 % (2/2)">
									<conditions>
										<condition number="0" type="jump" coverage="100 %"/>
									</conditions>
								</line>
								<line number="32" hits="17" branch="false"/>
								<line number="34" hits="56" branch="false"/>
							</lines>
						</method>
					</methods>
					<lines>
						<line number="19" hits="85" branch="false"/>
						<line number="20" hits="85" branch="false"/>
						<line number="21" hits="85" branch="false"/>
						<line number="26" hits="85" branch="false"/>
						<line number="28" hits="84" branch="true" condition-coverage="100 % (2/2)">
							<conditions>
								<condition number="0" type="jump" coverage="100 %"/>
							</conditions>
						</line>
						<line number="29" hits="11" branch="false"/>
						<line number="31" hits="73" branch="true" condition-coverage="100 % (2/2)">
							<conditions>
								<condition number="0" type="jump" coverage="100 %"/>
							</conditions>
						</line>
						<line number="32" hits="17" branch="false"/>
						<line number="34" hits="56" branch="false"/>
						<line number="40" hits="11" branch="false"/>
						<line number="42" hits="11" branch="false"/>
						<line number="49" hits="17" branch="false"/>
						<line number="51" hits="17" branch="false"/>
						<line number="59" hits="56" branch="false"/>
						<line number="61" hits="56" branch="true" condition-coverage="100 % (2/2)">
							<conditions>
								<condition number="0" type="jump" coverage="100 %"/>
							</conditions>
						</line>
						<line number="62" hits="2" branch="false"/>
						<line number="65" hits="54" branch="true" condition-coverage="100 % (2/2)">
							<conditions>
								<condition number="0" type="jump" coverage="100 %"/>
							</conditions>
						</line>
						<line number="67" hits="4" branch="false"/>
						<line number="68" hits="4" branch="false"/>
						<line number="71" hits="50" branch="true" condition-coverage="100 % (4/4)">
							<conditions>
								<condition number="0" type="jump" coverage="100 %"/>
								<condition number="1" type="jump" coverage="100 %"/>
							</conditions>
						</line>
						<line number="72" hits="9" branch="false"/>
						<line number="74" hits="41" branch="true" condition-coverage="100 % (4/4)">
							<conditions>
								<condition number="0" type="jump" coverage="100 %"/>
								<condition number="1" type="jump" coverage="100 %"/>
							</conditions>
						</line>
						<line number="75" hits="40" branch="false"/>
						<line number="77" hits="1" branch="false"/>
					</lines>
				</class>
				<class name="net.chwthewke.hamcrest.matchers.CompositeEquivalence" filename="net/chwthewke/hamcrest/matchers/CompositeEquivalence.java" line-rate="1.0" branch-rate="1.0" complexity="1.6666666666666667">
					<methods>
						<method name="&lt;init&gt;" signature="(Lnet/chwthewke/hamcrest/matchers/PropertyFinder;Lnet/chwthewke/hamcrest/matchers/EquivalenceSpecificationValidator;Ljava/lang/Class;Ljava/lang/Class;)V" line-rate="1.0" branch-rate="1.0">
							<lines>
								<line number="26" hits="48" branch="false"/>
								<line number="27" hits="48" branch="false"/>
								<line number="28" hits="48" branch="false"/>
								<line number="29" hits="48" branch="false"/>
								<line number="31" hits="48" branch="false"/>
								<line number="33" hits="48" branch="false"/>
								<line number="34" hits="43" branch="false"/>
								<line number="110" hits="48" branch="false"/>
							</lines>
						</method>
						<method name="addPropertyEquivalence" signature="(Ljava/lang/reflect/Method;)V" line-rate="1.0" branch-rate="1.0">
							<lines>
								<line number="67" hits="66" branch="false"/>
								<line number="69" hits="62" branch="false"/>
								<line number="72" hits="62" branch="false"/>
								<line number="75" hits="62" branch="false"/>
								<line number="76" hits="62" branch="false"/>
							</lines>
						</method>
						<method name="addPropertyEquivalences" signature="()V" line-rate="1.0" branch-rate="1.0">
							<lines>
								<line number="48" hits="47" branch="true" condition-coverage="100 % (2/2)">
									<conditions>
										<condition number="0" type="jump" coverage="100 %"/>
									</conditions>
								</line>
								<line number="49" hits="66" branch="false"/>
								<line number="50" hits="43" branch="false"/>
							</lines>
						</method>
						<method name="checkSpecificationTargetClass" signature="()V" line-rate="1.0" branch-rate="1.0">
							<lines>
								<line number="96" hits="48" branch="false"/>
								<line number="98" hits="48" branch="true" condition-coverage="100 % (2/2)">
									<conditions>
										<condition number="0" type="jump" coverage="100 %"/>
									</conditions>
								</line>
								<line number="99" hits="1" branch="false"/>
								<line number="104" hits="47" branch="false"/>
							</lines>
						</method>
						<method name="equivalentTo" signature="(Ljava/lang/Object;)Lorg/hamcrest/Matcher;" line-rate="1.0" branch-rate="1.0">
							<lines>
								<line number="37" hits="73" branch="false"/>
							</lines>
						</method>
						<method name="findMatchingProperty" signature="(Ljava/lang/reflect/Method;)Ljava/lang/reflect/Method;" line-rate="1.0" branch-rate="1.0">
							<lines>
								<line number="81" hits="66" branch="false"/>
								<line number="86" hits="4" branch="false"/>
								<line number="88" hits="4" branch="false"/>
							</lines>
						</method>
						<method name="getSortedSpecificationMethods" signature="()Ljava/lang/Iterable;" line-rate="1.0" branch-rate="1.0">
							<lines>
								<line number="54" hits="47" branch="false"/>
								<line number="56" hits="47" branch="false"/>
								<line number="62" hits="47" branch="false"/>
							</lines>
						</method>
						<method name="initialize" signature="()V" line-rate="1.0" branch-rate="1.0">
							<lines>
								<line number="41" hits="48" branch="false"/>
								<line number="43" hits="47" branch="false"/>
								<line number="45" hits="43" branch="false"/>
							</lines>
						</method>
					</methods>
					<lines>
						<line number="26" hits="48" branch="false"/>
						<line number="27" hits="48" branch="false"/>
						<line number="28" hits="48" branch="false"/>
						<line number="29" hits="48" branch="false"/>
						<line number="31" hits="48" branch="false"/>
						<line number="33" hits="48" branch="false"/>
						<line number="34" hits="43" branch="false"/>
						<line number="37" hits="73" branch="false"/>
						<line number="41" hits="48" branch="false"/>
						<line number="43" hits="47" branch="false"/>
						<line number="45" hits="43" branch="false"/>
						<line number="48" hits="47" branch="true" condition-coverage="100 % (2/2)">
							<conditions>
								<condition number="0" type="jump" coverage="100 %"/>
							</conditions>
						</line>
						<line number="49" hits="66" branch="false"/>
						<line number="50" hits="43" branch="false"/>
						<line number="54" hits="47" branch="false"/>
						<line number="56" hits="47" branch="false"/>
						<line number="62" hits="47" branch="false"/>
						<line number="67" hits="66" branch="false"/>
						<line number="69" hits="62" branch="false"/>
						<line number="72" hits="62" branch="false"/>
						<line number="75" hits="62" branch="false"/>
						<line number="76" hits="62" branch="false"/>
						<line number="81" hits="66" branch="false"/>
						<line number="86" hits="4" branch="false"/>
						<line number="88" hits="4" branch="false"/>
						<line number="96" hits="48" branch="false"/>
						<line number="98" hits="48" branch="true" condition-coverage="100 % (2/2)">
							<conditions>
								<condition number="0" type="jump" coverage="100 %"/>
							</conditions>
						</line>
						<line number="99" hits="1" branch="false"/>
						<line number="104" hits="47" branch="false"/>
						<line number="110" hits="48" branch="false"/>
					</lines>
				</class>
				<class name="net.chwthewke.hamcrest.matchers.CompositeEquivalence$1" filename="net/chwthewke/hamcrest/matchers/CompositeEquivalence.java" line-rate="1.0" branch-rate="1.0" complexity="1.6666666666666667">
					<methods>
						<method name="&lt;init&gt;" signature="(Lnet/chwthewke/hamcrest/matchers/CompositeEquivalence;)V" line-rate="1.0" branch-rate="1.0">
							<lines>
							</lines>
						</method>
						<method name="apply" signature="(Ljava/lang/Object;)Ljava/lang/Object;" line-rate="1.0" branch-rate="1.0">
							<lines>
								<line number="56" hits="85" branch="false"/>
							</lines>
						</method>
						<method name="apply" signature="(Ljava/lang/reflect/Method;)Ljava/lang/String;" line-rate="1.0" branch-rate="1.0">
							<lines>
								<line number="58" hits="38" branch="false"/>
							</lines>
						</method>
					</methods>
					<lines>
						<line number="56" hits="85" branch="false"/>
						<line number="58" hits="38" branch="false"/>
					</lines>
				</class>
				<class name="net.chwthewke.hamcrest.matchers.CompositeMatcher" filename="net/chwthewke/hamcrest/matchers/CompositeMatcher.java" line-rate="1.0" branch-rate="1.0" complexity="2.6666666666666665">
					<methods>
						<method name="&lt;init&gt;" signature="(Ljava/lang/Class;Ljava/util/Collection;Ljava/lang/Object;)V" line-rate="1.0" branch-rate="1.0">
							<lines>
								<line number="52" hits="77" branch="false"/>
								<line number="54" hits="77" branch="false"/>
								<line number="56" hits="77" branch="true" condition-coverage="100 % (2/2)">
									<conditions>
										<condition number="0" type="jump" coverage="100 %"/>
									</conditions>
								</line>
								<line number="58" hits="98" branch="false"/>
								<line number="60" hits="76" branch="false"/>
								<line number="63" hits="77" branch="false"/>
							</lines>
						</method>
						<method name="describeTo" signature="(Lorg/hamcrest/Description;)V" line-rate="1.0" branch-rate="1.0">
							<lines>
								<line number="17" hits="7" branch="false"/>
								<line number="21" hits="7" branch="false"/>
								<line number="23" hits="7" branch="true" condition-coverage="100 % (2/2)">
									<conditions>
										<condition number="0" type="jump" coverage="100 %"/>
									</conditions>
								</line>
								<line number="25" hits="14" branch="false"/>
								<line number="28" hits="14" branch="false"/>
								<line number="31" hits="7" branch="false"/>
							</lines>
						</method>
						<method name="matchesSafely" signature="(Ljava/lang/Object;Lorg/hamcrest/Description;)Z" line-rate="1.0" branch-rate="1.0">
							<lines>
								<line number="36" hits="87" branch="true" condition-coverage="100 % (2/2)">
									<conditions>
										<condition number="0" type="jump" coverage="100 %"/>
									</conditions>
								</line>
								<line number="38" hits="102" branch="true" condition-coverage="100 % (2/2)">
									<conditions>
										<condition number="0" type="jump" coverage="100 %"/>
									</conditions>
								</line>
								<line number="40" hits="57" branch="false"/>
								<line number="41" hits="57" branch="false"/>
								<line number="45" hits="30" branch="false"/>
							</lines>
						</method>
					</methods>
					<lines>
						<line number="17" hits="7" branch="false"/>
						<line number="21" hits="7" branch="false"/>
						<line number="23" hits="7" branch="true" condition-coverage="100 % (2/2)">
							<conditions>
								<condition number="0" type="jump" coverage="100 %"/>
							</conditions>
						</line>
						<line number="25" hits="14" branch="false"/>
						<line number="28" hits="14" branch="false"/>
						<line number="31" hits="7" branch="false"/>
						<line number="36" hits="87" branch="true" condition-coverage="100 % (2/2)">
							<conditions>
								<condition number="0" type="jump" coverage="100 %"/>
							</conditions>
						</line>
						<line number="38" hits="102" branch="true" condition-coverage="100 % (2/2)">
							<conditions>
								<condition number="0" type="jump" coverage="100 %"/>
							</conditions>
						</line>
						<line number="40" hits="57" branch="false"/>
						<line number="41" hits="57" branch="false"/>
						<line number="45" hits="30" branch="false"/>
						<line number="52" hits="77" branch="false"/>
						<line number="54" hits="77" branch="false"/>
						<line number="56" hits="77" branch="true" condition-coverage="100 % (2/2)">
							<conditions>
								<condition number="0" type="jump" coverage="100 %"/>
							</conditions>
						</line>
						<line number="58" hits="98" branch="false"/>
						<line number="60" hits="76" branch="false"/>
						<line number="63" hits="77" branch="false"/>
					</lines>
				</class>
				<class name="net.chwthewke.hamcrest.matchers.ContainerEquivalenceFactory" filename="net/chwthewke/hamcrest/matchers/ContainerEquivalenceFactory.java" line-rate="1.0" branch-rate="1.0" complexity="1.0">
					<methods>
						<method name="&lt;init&gt;" signature="()V" line-rate="1.0" branch-rate="1.0">
							<lines>
								<line number="7" hits="97" branch="false"/>
							</lines>
						</method>
						<method name="arrayEquivalence" signature="(Lnet/chwthewke/hamcrest/equivalence/Equivalence;Z)Lnet/chwthewke/hamcrest/equivalence/Equivalence;" line-rate="1.0" branch-rate="1.0">
							<lines>
								<line number="14" hits="5" branch="false"/>
							</lines>
						</method>
						<method name="booleanArrayEquivalence" signature="(Lnet/chwthewke/hamcrest/equivalence/Equivalence;Z)Lnet/chwthewke/hamcrest/equivalence/Equivalence;" line-rate="1.0" branch-rate="1.0">
							<lines>
								<line number="19" hits="1" branch="false"/>
							</lines>
						</method>
						<method name="byteArrayEquivalence" signature="(Lnet/chwthewke/hamcrest/equivalence/Equivalence;Z)Lnet/chwthewke/hamcrest/equivalence/Equivalence;" line-rate="1.0" branch-rate="1.0">
							<lines>
								<line number="23" hits="1" branch="false"/>
							</lines>
						</method>
						<method name="charArrayEquivalence" signature="(Lnet/chwthewke/hamcrest/equivalence/Equivalence;Z)Lnet/chwthewke/hamcrest/equivalence/Equivalence;" line-rate="1.0" branch-rate="1.0">
							<lines>
								<line number="28" hits="1" branch="false"/>
							</lines>
						</method>
						<method name="doubleArrayEquivalence" signature="(Lnet/chwthewke/hamcrest/equivalence/Equivalence;Z)Lnet/chwthewke/hamcrest/equivalence/Equivalence;" line-rate="1.0" branch-rate="1.0">
							<lines>
								<line number="33" hits="2" branch="false"/>
							</lines>
						</method>
						<method name="floatArrayEquivalence" signature="(Lnet/chwthewke/hamcrest/equivalence/Equivalence;Z)Lnet/chwthewke/hamcrest/equivalence/Equivalence;" line-rate="1.0" branch-rate="1.0">
							<lines>
								<line number="38" hits="1" branch="false"/>
							</lines>
						</method>
						<method name="intArrayEquivalence" signature="(Lnet/chwthewke/hamcrest/equivalence/Equivalence;Z)Lnet/chwthewke/hamcrest/equivalence/Equivalence;" line-rate="1.0" branch-rate="1.0">
							<lines>
								<line number="43" hits="1" branch="false"/>
							</lines>
						</method>
						<method name="iterableEquivalence" signature="(Lnet/chwthewke/hamcrest/equivalence/Equivalence;Z)Lnet/chwthewke/hamcrest/equivalence/Equivalence;" line-rate="1.0" branch-rate="1.0">
							<lines>
								<line number="10" hits="10" branch="false"/>
							</lines>
						</method>
						<method name="longArrayEquivalence" signature="(Lnet/chwthewke/hamcrest/equivalence/Equivalence;Z)Lnet/chwthewke/hamcrest/equivalence/Equivalence;" line-rate="1.0" branch-rate="1.0">
							<lines>
								<line number="47" hits="1" branch="false"/>
							</lines>
						</method>
						<method name="shortArrayEquivalence" signature="(Lnet/chwthewke/hamcrest/equivalence/Equivalence;Z)Lnet/chwthewke/hamcrest/equivalence/Equivalence;" line-rate="1.0" branch-rate="1.0">
							<lines>
								<line number="52" hits="1" branch="false"/>
							</lines>
						</method>
					</methods>
					<lines>
						<line number="7" hits="97" branch="false"/>
						<line number="10" hits="10" branch="false"/>
						<line number="14" hits="5" branch="false"/>
						<line number="19" hits="1" branch="false"/>
						<line number="23" hits="1" branch="false"/>
						<line number="28" hits="1" branch="false"/>
						<line number="33" hits="2" branch="false"/>
						<line number="38" hits="1" branch="false"/>
						<line number="43" hits="1" branch="false"/>
						<line number="47" hits="1" branch="false"/>
						<line number="52" hits="1" branch="false"/>
					</lines>
				</class>
				<class name="net.chwthewke.hamcrest.matchers.EquivalenceActivator" filename="net/chwthewke/hamcrest/matchers/EquivalenceActivator.java" line-rate="0.7333333333333333" branch-rate="1.0" complexity="4.0">
					<methods>
						<method name="&lt;clinit&gt;" signature="()V" line-rate="1.0" branch-rate="1.0">
							<lines>
								<line number="100" hits="1" branch="false"/>
							</lines>
						</method>
						<method name="&lt;init&gt;" signature="()V" line-rate="1.0" branch-rate="1.0">
							<lines>
								<line number="12" hits="84" branch="false"/>
							</lines>
						</method>
						<method name="checkEquivalenceType" signature="(Ljava/lang/Class;Ljava/lang/Class;)V" line-rate="1.0" branch-rate="1.0">
							<lines>
								<line number="24" hits="7" branch="false"/>
								<line number="25" hits="7" branch="true" condition-coverage="100 % (2/2)">
									<conditions>
										<condition number="0" type="jump" coverage="100 %"/>
									</conditions>
								</line>
								<line number="26" hits="1" branch="false"/>
								<line number="28" hits="6" branch="true" condition-coverage="100 % (2/2)">
									<conditions>
										<condition number="0" type="jump" coverage="100 %"/>
									</conditions>
								</line>
								<line number="29" hits="1" branch="false"/>
								<line number="32" hits="5" branch="false"/>
								<line number="33" hits="5" branch="true" condition-coverage="100 % (2/2)">
									<conditions>
										<condition number="0" type="jump" coverage="100 %"/>
									</conditions>
								</line>
								<line number="34" hits="1" branch="false"/>
								<line number="42" hits="4" branch="false"/>
							</lines>
						</method>
						<method name="createEquivalenceInstance" signature="(Lnet/chwthewke/hamcrest/annotations/ByEquivalence;Ljava/lang/Class;)Lnet/chwthewke/hamcrest/equivalence/Equivalence;" line-rate="1.0" branch-rate="1.0">
							<lines>
								<line number="16" hits="7" branch="false"/>
								<line number="17" hits="7" branch="false"/>
								<line number="18" hits="4" branch="false"/>
							</lines>
						</method>
						<method name="createInstance" signature="(Ljava/lang/Class;)Lnet/chwthewke/hamcrest/equivalence/Equivalence;" line-rate="0.4" branch-rate="1.0">
							<lines>
								<line number="47" hits="4" branch="false"/>
								<line number="51" hits="3" branch="false"/>
								<line number="53" hits="0" branch="false"/>
								<line number="55" hits="0" branch="false"/>
								<line number="57" hits="0" branch="false"/>
								<line number="59" hits="0" branch="false"/>
								<line number="61" hits="0" branch="false"/>
								<line number="63" hits="0" branch="false"/>
								<line number="65" hits="1" branch="false"/>
								<line number="67" hits="1" branch="false"/>
							</lines>
						</method>
						<method name="formatMisuse" signature="(Ljava/lang/String;[Ljava/lang/Object;)Ljava/lang/String;" line-rate="1.0" branch-rate="1.0">
							<lines>
								<line number="84" hits="4" branch="false"/>
							</lines>
						</method>
						<method name="getDefaultConstructor" signature="(Ljava/lang/Class;)Ljava/lang/reflect/Constructor;" line-rate="1.0" branch-rate="1.0">
							<lines>
								<line number="91" hits="4" branch="false"/>
								<line number="93" hits="1" branch="false"/>
								<line number="95" hits="1" branch="false"/>
							</lines>
						</method>
						<method name="onReflectiveException" signature="(Ljava/lang/Class;Ljava/lang/Exception;)Ljava/lang/RuntimeException;" line-rate="0.0" branch-rate="1.0">
							<lines>
								<line number="76" hits="0" branch="false"/>
								<line number="80" hits="0" branch="false"/>
							</lines>
						</method>
					</methods>
					<lines>
						<line number="12" hits="84" branch="false"/>
						<line number="16" hits="7" branch="false"/>
						<line number="17" hits="7" branch="false"/>
						<line number="18" hits="4" branch="false"/>
						<line number="24" hits="7" branch="false"/>
						<line number="25" hits="7" branch="true" condition-coverage="100 % (2/2)">
							<conditions>
								<condition number="0" type="jump" coverage="100 %"/>
							</conditions>
						</line>
						<line number="26" hits="1" branch="false"/>
						<line number="28" hits="6" branch="true" condition-coverage="100 % (2/2)">
							<conditions>
								<condition number="0" type="jump" coverage="100 %"/>
							</conditions>
						</line>
						<line number="29" hits="1" branch="false"/>
						<line number="32" hits="5" branch="false"/>
						<line number="33" hits="5" branch="true" condition-coverage="100 % (2/2)">
							<conditions>
								<condition number="0" type="jump" coverage="100 %"/>
							</conditions>
						</line>
						<line number="34" hits="1" branch="false"/>
						<line number="42" hits="4" branch="false"/>
						<line number="47" hits="4" branch="false"/>
						<line number="51" hits="3" branch="false"/>
						<line number="53" hits="0" branch="false"/>
						<line number="55" hits="0" branch="false"/>
						<line number="57" hits="0" branch="false"/>
						<line number="59" hits="0" branch="false"/>
						<line number="61" hits="0" branch="false"/>
						<line number="63" hits="0" branch="false"/>
						<line number="65" hits="1" branch="false"/>
						<line number="67" hits="1" branch="false"/>
						<line number="76" hits="0" branch="false"/>
						<line number="80" hits="0" branch="false"/>
						<line number="84" hits="4" branch="false"/>
						<line number="91" hits="4" branch="false"/>
						<line number="93" hits="1" branch="false"/>
						<line number="95" hits="1" branch="false"/>
						<line number="100" hits="1" branch="false"/>
					</lines>
				</class>
				<class name="net.chwthewke.hamcrest.matchers.EquivalenceAnnotationProcessor" filename="net/chwthewke/hamcrest/matchers/EquivalenceAnnotationProcessor.java" line-rate="1.0" branch-rate="1.0" complexity="1.0">
					<methods>
						<method name="&lt;init&gt;" signature="(Lnet/chwthewke/hamcrest/matchers/AnnotationReader;Lnet/chwthewke/hamcrest/matchers/TypeEquivalenceInterpreter;Lnet/chwthewke/hamcrest/matchers/LiftedEquivalenceFactory;Ljava/lang/reflect/Method;Ljava/lang/reflect/Method;)V" line-rate="1.0" branch-rate="1.0">
							<lines>
								<line number="43" hits="78" branch="false"/>
								<line number="44" hits="78" branch="false"/>
								<line number="45" hits="78" branch="false"/>
								<line number="46" hits="78" branch="false"/>
								<line number="47" hits="78" branch="false"/>
								<line number="48" hits="78" branch="false"/>
								<line number="50" hits="78" branch="false"/>
							</lines>
						</method>
						<method name="annotationProcessorFor" signature="(Ljava/lang/Class;Ljava/lang/reflect/Method;Ljava/lang/reflect/Method;)Lnet/chwthewke/hamcrest/matchers/EquivalenceAnnotationProcessor;" line-rate="1.0" branch-rate="1.0">
							<lines>
								<line number="19" hits="70" branch="false"/>
								<line number="21" hits="70" branch="false"/>
								<line number="26" hits="70" branch="false"/>
								<line number="28" hits="70" branch="false"/>
								<line number="30" hits="70" branch="false"/>
							</lines>
						</method>
						<method name="liftPropertyEquivalence" signature="(Ljava/lang/Class;Lnet/chwthewke/hamcrest/equivalence/Equivalence;)Lnet/chwthewke/hamcrest/equivalence/Equivalence;" line-rate="1.0" branch-rate="1.0">
							<lines>
								<line number="70" hits="77" branch="false"/>
								<line number="76" hits="77" branch="false"/>
							</lines>
						</method>
						<method name="processEquivalenceSpecification" signature="()Lnet/chwthewke/hamcrest/equivalence/Equivalence;" line-rate="1.0" branch-rate="1.0">
							<lines>
								<line number="53" hits="78" branch="false"/>
								<line number="56" hits="78" branch="false"/>
							</lines>
						</method>
						<method name="processSpecification" signature="(Lnet/chwthewke/hamcrest/matchers/TypeEquivalenceSpecification;)Lnet/chwthewke/hamcrest/equivalence/Equivalence;" line-rate="1.0" branch-rate="1.0">
							<lines>
								<line number="60" hits="78" branch="false"/>
								<line number="63" hits="77" branch="false"/>
							</lines>
						</method>
					</methods>
					<lines>
						<line number="19" hits="70" branch="false"/>
						<line number="21" hits="70" branch="false"/>
						<line number="26" hits="70" branch="false"/>
						<line number="28" hits="70" branch="false"/>
						<line number="30" hits="70" branch="false"/>
						<line number="43" hits="78" branch="false"/>
						<line number="44" hits="78" branch="false"/>
						<line number="45" hits="78" branch="false"/>
						<line number="46" hits="78" branch="false"/>
						<line number="47" hits="78" branch="false"/>
						<line number="48" hits="78" branch="false"/>
						<line number="50" hits="78" branch="false"/>
						<line number="53" hits="78" branch="false"/>
						<line number="56" hits="78" branch="false"/>
						<line number="60" hits="78" branch="false"/>
						<line number="63" hits="77" branch="false"/>
						<line number="70" hits="77" branch="false"/>
						<line number="76" hits="77" branch="false"/>
					</lines>
				</class>
				<class name="net.chwthewke.hamcrest.matchers.EquivalenceFactory" filename="net/chwthewke/hamcrest/matchers/EquivalenceFactory.java" line-rate="1.0" branch-rate="1.0" complexity="1.0">
					<methods>
						<method name="&lt;init&gt;" signature="()V" line-rate="1.0" branch-rate="1.0">
							<lines>
								<line number="11" hits="78" branch="false"/>
								<line number="40" hits="78" branch="false"/>
								<line number="41" hits="78" branch="false"/>
								<line number="42" hits="78" branch="false"/>
							</lines>
						</method>
						<method name="createEquivalenceInstance" signature="(Lnet/chwthewke/hamcrest/annotations/ByEquivalence;Ljava/lang/Class;)Lnet/chwthewke/hamcrest/equivalence/Equivalence;" line-rate="1.0" branch-rate="1.0">
							<lines>
								<line number="37" hits="1" branch="false"/>
							</lines>
						</method>
						<method name="getApproximateEquality" signature="(D)Lnet/chwthewke/hamcrest/equivalence/Equivalence;" line-rate="1.0" branch-rate="1.0">
							<lines>
								<line number="14" hits="9" branch="false"/>
							</lines>
						</method>
						<method name="getEquality" signature="()Lnet/chwthewke/hamcrest/equivalence/Equivalence;" line-rate="1.0" branch-rate="1.0">
							<lines>
								<line number="18" hits="39" branch="false"/>
							</lines>
						</method>
						<method name="getEquivalenceBySpecification" signature="(Ljava/lang/Class;Ljava/lang/Class;)Lnet/chwthewke/hamcrest/equivalence/Equivalence;" line-rate="1.0" branch-rate="1.0">
							<lines>
								<line number="31" hits="3" branch="false"/>
							</lines>
						</method>
						<method name="getIdentity" signature="()Lnet/chwthewke/hamcrest/equivalence/Equivalence;" line-rate="1.0" branch-rate="1.0">
							<lines>
								<line number="26" hits="8" branch="false"/>
							</lines>
						</method>
						<method name="getTextEquivalence" signature="([Lnet/chwthewke/hamcrest/equivalence/TextEquivalenceOption;)Lnet/chwthewke/hamcrest/equivalence/Equivalence;" line-rate="1.0" branch-rate="1.0">
							<lines>
								<line number="22" hits="17" branch="false"/>
							</lines>
						</method>
					</methods>
					<lines>
						<line number="11" hits="78" branch="false"/>
						<line number="14" hits="9" branch="false"/>
						<line number="18" hits="39" branch="false"/>
						<line number="22" hits="17" branch="false"/>
						<line number="26" hits="8" branch="false"/>
[...]
							</lines>
						</method>
						<method name="invokeAndCast" signature="(Ljava/lang/Object;)Ljava/lang/Object;" line-rate="1.0" branch-rate="1.0">
							<lines>
								<line number="41" hits="260" branch="false"/>
								<line number="44" hits="258" branch="false"/>
								<line number="46" hits="1" branch="false"/>
								<line number="48" hits="1" branch="false"/>
							</lines>
						</method>
					</methods>
					<lines>
						<line number="11" hits="80" branch="false"/>
						<line number="12" hits="80" branch="false"/>
						<line number="13" hits="80" branch="false"/>
						<line number="14" hits="80" branch="false"/>
						<line number="17" hits="260" branch="false"/>
						<line number="20" hits="260" branch="false"/>
						<line number="21" hits="260" branch="false"/>
						<line number="23" hits="0" branch="false"/>
						<line number="25" hits="0" branch="false"/>
						<line number="27" hits="2" branch="false"/>
						<line number="29" hits="2" branch="false"/>
						<line number="36" hits="260" branch="false"/>
						<line number="41" hits="260" branch="false"/>
						<line number="44" hits="258" branch="false"/>
						<line number="46" hits="1" branch="false"/>
						<line number="48" hits="1" branch="false"/>
						<line number="59" hits="14" branch="false"/>
					</lines>
				</class>
				<class name="net.chwthewke.hamcrest.matchers.TypeEquivalenceInterpreter" filename="net/chwthewke/hamcrest/matchers/TypeEquivalenceInterpreter.java" line-rate="0.98" branch-rate="0.9230769230769231" complexity="4.714285714285714">
					<methods>
						<method name="&lt;init&gt;" signature="(Lnet/chwthewke/hamcrest/matchers/ContainerEquivalenceFactory;Lnet/chwthewke/hamcrest/matchers/BasicTypeEquivalenceInterpreter;)V" line-rate="1.0" branch-rate="1.0">
							<lines>
								<line number="17" hits="92" branch="false"/>
								<line number="18" hits="92" branch="false"/>
								<line number="19" hits="92" branch="false"/>
								<line number="20" hits="92" branch="false"/>
							</lines>
						</method>
						<method name="createArrayEquivalence" signature="(Ljava/lang/annotation/Annotation;ZLjava/lang/Class;Ljava/lang/Class;)Lnet/chwthewke/hamcrest/equivalence/Equivalence;" line-rate="1.0" branch-rate="1.0">
							<lines>
								<line number="79" hits="13" branch="false"/>
								<line number="81" hits="12" branch="false"/>
								<line number="84" hits="12" branch="true" condition-coverage="100 % (2/2)">
									<conditions>
										<condition number="0" type="jump" coverage="100 %"/>
									</conditions>
								</line>
								<line number="85" hits="9" branch="false"/>
								<line number="87" hits="3" branch="false"/>
							</lines>
						</method>
						<method name="createIterableEquivalence" signature="(Ljava/lang/annotation/Annotation;ZLjava/lang/Class;Ljava/lang/Class;)Lnet/chwthewke/hamcrest/equivalence/Equivalence;" line-rate="1.0" branch-rate="1.0">
							<lines>
								<line number="62" hits="4" branch="false"/>
								<line number="65" hits="3" branch="false"/>
								<line number="68" hits="3" branch="false"/>
								<line number="73" hits="3" branch="false"/>
							</lines>
						</method>
						<method name="getEquivalenceFor" signature="(Lnet/chwthewke/hamcrest/matchers/TypeEquivalenceSpecification;)Lnet/chwthewke/hamcrest/equivalence/Equivalence;" line-rate="1.0" branch-rate="1.0">
							<lines>
								<line number="25" hits="92" branch="false"/>
								<line number="27" hits="92" branch="false"/>
								<line number="29" hits="92" branch="true" condition-coverage="100 % (2/2)">
									<conditions>
										<condition number="0" type="jump" coverage="100 %"/>
									</conditions>
								</line>
								<line number="30" hits="74" branch="false"/>
								<line number="32" hits="18" branch="false"/>
								<line number="33" hits="18" branch="true" condition-coverage="100 % (2/2)">
									<conditions>
										<condition number="0" type="jump" coverage="100 %"/>
									</conditions>
								</line>
								<line number="35" hits="4" branch="false"/>
								<line number="37" hits="4" branch="false"/>
								<line number="38" hits="4" branch="false"/>
								<line number="40" hits="4" branch="false"/>
								<line number="44" hits="14" branch="true" condition-coverage="100 % (2/2)">
									<conditions>
										<condition number="0" type="jump" coverage="100 %"/>
									</conditions>
								</line>
								<line number="46" hits="13" branch="false"/>
								<line number="48" hits="13" branch="false"/>
								<line number="50" hits="13" branch="false"/>
								<line number="52" hits="13" branch="false"/>
								<line number="56" hits="1" branch="false"/>
							</lines>
						</method>
						<method name="interpretEquivalenceOnBasicType" signature="(Ljava/lang/annotation/Annotation;Ljava/lang/Class;)Lnet/chwthewke/hamcrest/equivalence/Equivalence;" line-rate="1.0" branch-rate="1.0">
							<lines>
								<line number="92" hits="89" branch="false"/>
							</lines>
						</method>
						<method name="primitiveArrayEquivalence" signature="(Lnet/chwthewke/hamcrest/equivalence/Equivalence;ZLjava/lang/Class;Ljava/lang/Class;)Lnet/chwthewke/hamcrest/equivalence/Equivalence;" line-rate="0.9473684210526315" branch-rate="0.8888888888888888">
							<lines>
								<line number="103" hits="9" branch="false"/>
								<line number="104" hits="9" branch="true" condition-coverage="50 % (1/2)">
									<conditions>
										<condition number="0" type="jump" coverage="50 %"/>
									</conditions>
								</line>
								<line number="106" hits="9" branch="true" condition-coverage="100 % (2/2)">
									<conditions>
										<condition number="0" type="jump" coverage="100 %"/>
									</conditions>
								</line>
								<line number="107" hits="1" branch="false"/>
								<line number="109" hits="8" branch="true" condition-coverage="100 % (2/2)">
									<conditions>
										<condition number="0" type="jump" coverage="100 %"/>
									</conditions>
								</line>
								<line number="110" hits="1" branch="false"/>
								<line number="112" hits="7" branch="true" condition-coverage="100 % (2/2)">
									<conditions>
										<condition number="0" type="jump" coverage="100 %"/>
									</conditions>
								</line>
								<line number="113" hits="1" branch="false"/>
								<line number="115" hits="6" branch="true" condition-coverage="100 % (2/2)">
									<conditions>
										<condition number="0" type="jump" coverage="100 %"/>
									</conditions>
								</line>
								<line number="116" hits="2" branch="false"/>
								<line number="118" hits="4" branch="true" condition-coverage="100 % (2/2)">
									<conditions>
										<condition number="0" type="jump" coverage="100 %"/>
									</conditions>
								</line>
								<line number="119" hits="1" branch="false"/>
								<line number="121" hits="3" branch="true" condition-coverage="100 % (2/2)">
									<conditions>
										<condition number="0" type="jump" coverage="100 %"/>
									</conditions>
								</line>
								<line number="122" hits="1" branch="false"/>
								<line number="124" hits="2" branch="true" condition-coverage="100 % (2/2)">
									<conditions>
										<condition number="0" type="jump" coverage="100 %"/>
									</conditions>
								</line>
								<line number="125" hits="1" branch="false"/>
								<line number="127" hits="1" branch="true" condition-coverage="50 % (1/2)">
									<conditions>
										<condition number="0" type="jump" coverage="50 %"/>
									</conditions>
								</line>
								<line number="128" hits="1" branch="false"/>
								<line number="131" hits="0" branch="false"/>
							</lines>
						</method>
						<method name="unchechedCast" signature="(Lnet/chwthewke/hamcrest/equivalence/Equivalence;)Lnet/chwthewke/hamcrest/equivalence/Equivalence;" line-rate="1.0" branch-rate="1.0">
							<lines>
								<line number="97" hits="6" branch="false"/>
							</lines>
						</method>
					</methods>
					<lines>
						<line number="17" hits="92" branch="false"/>
						<line number="18" hits="92" branch="false"/>
						<line number="19" hits="92" branch="false"/>
						<line number="20" hits="92" branch="false"/>
						<line number="25" hits="92" branch="false"/>
						<line number="27" hits="92" branch="false"/>
						<line number="29" hits="92" branch="true" condition-coverage="100 % (2/2)">
							<conditions>
								<condition number="0" type="jump" coverage="100 %"/>
							</conditions>
						</line>
						<line number="30" hits="74" branch="false"/>
						<line number="32" hits="18" branch="false"/>
						<line number="33" hits="18" branch="true" condition-coverage="100 % (2/2)">
							<conditions>
								<condition number="0" type="jump" coverage="100 %"/>
							</conditions>
						</line>
						<line number="35" hits="4" branch="false"/>
						<line number="37" hits="4" branch="false"/>
						<line number="38" hits="4" branch="false"/>
						<line number="40" hits="4" branch="false"/>
						<line number="44" hits="14" branch="true" condition-coverage="100 % (2/2)">
							<conditions>
								<condition number="0" type="jump" coverage="100 %"/>
							</conditions>
						</line>
						<line number="46" hits="13" branch="false"/>
						<line number="48" hits="13" branch="false"/>
						<line number="50" hits="13" branch="false"/>
						<line number="52" hits="13" branch="false"/>
						<line number="56" hits="1" branch="false"/>
						<line number="62" hits="4" branch="false"/>
						<line number="65" hits="3" branch="false"/>
						<line number="68" hits="3" branch="false"/>
						<line number="73" hits="3" branch="false"/>
						<line number="79" hits="13" branch="false"/>
						<line number="81" hits="12" branch="false"/>
						<line number="84" hits="12" branch="true" condition-coverage="100 % (2/2)">
							<conditions>
								<condition number="0" type="jump" coverage="100 %"/>
							</conditions>
						</line>
						<line number="85" hits="9" branch="false"/>
						<line number="87" hits="3" branch="false"/>
						<line number="92" hits="89" branch="false"/>
						<line number="97" hits="6" branch="false"/>
						<line number="103" hits="9" branch="false"/>
						<line number="104" hits="9" branch="true" condition-coverage="50 % (1/2)">
							<conditions>
								<condition number="0" type="jump" coverage="50 %"/>
							</conditions>
						</line>
						<line number="106" hits="9" branch="true" condition-coverage="100 % (2/2)">
							<conditions>
								<condition number="0" type="jump" coverage="100 %"/>
							</conditions>
						</line>
						<line number="107" hits="1" branch="false"/>
						<line number="109" hits="8" branch="true" condition-coverage="100 % (2/2)">
							<conditions>
								<condition number="0" type="jump" coverage="100 %"/>
							</conditions>
						</line>
						<line number="110" hits="1" branch="false"/>
						<line number="112" hits="7" branch="true" condition-coverage="100 % (2/2)">
							<conditions>
								<condition number="0" type="jump" coverage="100 %"/>
							</conditions>
						</line>
						<line number="113" hits="1" branch="false"/>
						<line number="115" hits="6" branch="true" condition-coverage="100 % (2/2)">
							<conditions>
								<condition number="0" type="jump" coverage="100 %"/>
							</conditions>
						</line>
						<line number="116" hits="2" branch="false"/>
						<line number="118" hits="4" branch="true" condition-coverage="100 % (2/2)">
							<conditions>
								<condition number="0" type="jump" coverage="100 %"/>
							</conditions>
						</line>
						<line number="119" hits="1" branch="false"/>
						<line number="121" hits="3" branch="true" condition-coverage="100 % (2/2)">
							<conditions>
								<condition number="0" type="jump" coverage="100 %"/>
							</conditions>
						</line>
						<line number="122" hits="1" branch="false"/>
						<line number="124" hits="2" branch="true" condition-coverage="100 % (2/2)">
							<conditions>
								<condition number="0" type="jump" coverage="100 %"/>
							</conditions>
						</line>
						<line number="125" hits="1" branch="false"/>
						<line number="127" hits="1" branch="true" condition-coverage="50 % (1/2)">
							<conditions>
								<condition number="0" type="jump" coverage="50 %"/>
							</conditions>
						</line>
						<line number="128" hits="1" branch="false"/>
						<line number="131" hits="0" branch="false"/>
					</lines>
				</class>
				<class name="net.chwthewke.hamcrest.matchers.TypeEquivalenceSpecification" filename="net/chwthewke/hamcrest/matchers/TypeEquivalenceSpecification.java" line-rate="1.0" branch-rate="1.0" complexity="1.0">
					<methods>
						<method name="&lt;init&gt;" signature="(Ljava/lang/Class;Ljava/lang/annotation/Annotation;Ljava/lang/annotation/Annotation;)V" line-rate="1.0" branch-rate="1.0">
							<lines>
								<line number="32" hits="96" branch="false"/>
								<line number="33" hits="96" branch="false"/>
								<line number="34" hits="96" branch="false"/>
								<line number="35" hits="96" branch="false"/>
								<line number="36" hits="96" branch="false"/>
							</lines>
						</method>
						<method name="createTypeEquivalenceSpecification" signature="(Ljava/lang/Class;Ljava/lang/annotation/Annotation;Ljava/lang/annotation/Annotation;)Lnet/chwthewke/hamcrest/matchers/TypeEquivalenceSpecification;" line-rate="1.0" branch-rate="1.0">
							<lines>
								<line number="11" hits="96" branch="false"/>
							</lines>
						</method>
						<method name="getContainerAnnotation" signature="()Ljava/lang/annotation/Annotation;" line-rate="1.0" branch-rate="1.0">
							<lines>
								<line number="23" hits="19" branch="false"/>
							</lines>
						</method>
						<method name="getEquivalenceAnnotation" signature="()Ljava/lang/annotation/Annotation;" line-rate="1.0" branch-rate="1.0">
							<lines>
								<line number="15" hits="96" branch="false"/>
							</lines>
						</method>
						<method name="getTargetType" signature="()Ljava/lang/Class;" line-rate="1.0" branch-rate="1.0">
							<lines>
								<line number="27" hits="169" branch="false"/>
							</lines>
						</method>
						<method name="hasContainerAnnotation" signature="()Z" line-rate="1.0" branch-rate="1.0">
							<lines>
								<line number="19" hits="95" branch="true" condition-coverage="100 % (2/2)">
									<conditions>
										<condition number="0" type="jump" coverage="100 %"/>
									</conditions>
								</line>
							</lines>
						</method>
					</methods>
					<lines>
						<line number="11" hits="96" branch="false"/>
						<line number="15" hits="96" branch="false"/>
						<line number="19" hits="95" branch="true" condition-coverage="100 % (2/2)">
							<conditions>
								<condition number="0" type="jump" coverage="100 %"/>
							</conditions>
						</line>
						<line number="23" hits="19" branch="false"/>
						<line number="27" hits="169" branch="false"/>
						<line number="32" hits="96" branch="false"/>
						<line number="33" hits="96" branch="false"/>
						<line number="34" hits="96" branch="false"/>
						<line number="35" hits="96" branch="false"/>
						<line number="36" hits="96" branch="false"/>
					</lines>
				</class>
				<class name="net.chwthewke.hamcrest.matchers.WidenedEquivalence" filename="net/chwthewke/hamcrest/matchers/WidenedEquivalence.java" line-rate="1.0" branch-rate="1.0" complexity="1.6">
					<methods>
						<method name="&lt;init&gt;" signature="(Lnet/chwthewke/hamcrest/equivalence/Equivalence;Ljava/lang/Class;)V" line-rate="1.0" branch-rate="1.0">
							<lines>
								<line number="12" hits="5" branch="false"/>
								<line number="13" hits="5" branch="false"/>
								<line number="14" hits="5" branch="false"/>
								<line number="15" hits="5" branch="false"/>
							</lines>
						</method>
						<method name="access$000" signature="(Lnet/chwthewke/hamcrest/matchers/WidenedEquivalence;)Ljava/lang/Class;" line-rate="1.0" branch-rate="1.0">
							<lines>
								<line number="10" hits="5" branch="false"/>
							</lines>
						</method>
						<method name="equivalentTo" signature="(Ljava/lang/Object;)Lorg/hamcrest/Matcher;" line-rate="1.0" branch-rate="1.0">
							<lines>
								<line number="20" hits="5" branch="false"/>
								<line number="26" hits="4" branch="false"/>
							</lines>
						</method>
					</methods>
					<lines>
						<line number="10" hits="5" branch="false"/>
						<line number="12" hits="5" branch="false"/>
						<line number="13" hits="5" branch="false"/>
						<line number="14" hits="5" branch="false"/>
						<line number="15" hits="5" branch="false"/>
						<line number="20" hits="5" branch="false"/>
						<line number="26" hits="4" branch="false"/>
					</lines>
				</class>
				<class name="net.chwthewke.hamcrest.matchers.WidenedEquivalence$WidenedMatcher" filename="net/chwthewke/hamcrest/matchers/WidenedEquivalence.java" line-rate="1.0" branch-rate="1.0" complexity="1.6">
					<methods>
						<method name="&lt;init&gt;" signature="(Lnet/chwthewke/hamcrest/matchers/WidenedEquivalence;Lorg/hamcrest/Matcher;)V" line-rate="1.0" branch-rate="1.0">
							<lines>
								<line number="34" hits="4" branch="false"/>
								<line number="35" hits="4" branch="false"/>
								<line number="36" hits="4" branch="false"/>
							</lines>
						</method>
						<method name="describeTo" signature="(Lorg/hamcrest/Description;)V" line-rate="1.0" branch-rate="1.0">
							<lines>
								<line number="39" hits="1" branch="false"/>
								<line number="40" hits="1" branch="false"/>
							</lines>
						</method>
						<method name="matchesSafely" signature="(Ljava/lang/Object;Lorg/hamcrest/Description;)Z" line-rate="1.0" branch-rate="1.0">
							<lines>
								<line number="45" hits="5" branch="true" condition-coverage="100 % (2/2)">
									<conditions>
										<condition number="0" type="jump" coverage="100 %"/>
									</conditions>
								</line>
								<line number="47" hits="2" branch="false"/>
								<line number="50" hits="2" branch="false"/>
								<line number="53" hits="3" branch="false"/>
								<line number="54" hits="3" branch="true" condition-coverage="100 % (2/2)">
									<conditions>
										<condition number="0" type="jump" coverage="100 %"/>
									</conditions>
								</line>
								<line number="55" hits="2" branch="false"/>
								<line number="56" hits="3" branch="false"/>
							</lines>
						</method>
					</methods>
					<lines>
						<line number="34" hits="4" branch="false"/>
						<line number="35" hits="4" branch="false"/>
						<line number="36" hits="4" branch="false"/>
						<line number="39" hits="1" branch="false"/>
						<line number="40" hits="1" branch="false"/>
						<line number="45" hits="5" branch="true" condition-coverage="100 % (2/2)">
							<conditions>
								<condition number="0" type="jump" coverage="100 %"/>
							</conditions>
						</line>
						<line number="47" hits="2" branch="false"/>
						<line number="50" hits="2" branch="false"/>
						<line number="53" hits="3" branch="false"/>
						<line number="54" hits="3" branch="true" condition-coverage="100 % (2/2)">
							<conditions>
								<condition number="0" type="jump" coverage="100 %"/>
							</conditions>
						</line>
						<line number="55" hits="2" branch="false"/>
						<line number="56" hits="3" branch="false"/>
					</lines>
				</class>
			</classes>
		</package>
	</packages>
</coverage>
